<?xml version="1.0" encoding="utf-8"?><testsuites name="pytest tests"><testsuite name="pytest" errors="0" failures="0" skipped="0" tests="10" time="11.986" timestamp="2026-03-26T09:41:50.227800-03:00" hostname="daniel-VB-Finanzas"><testcase classname="tests.strategies.test_backtest_regression" name="test_backtest_regression" time="5.975" /><testcase classname="tests.strategies.test_backtest_smoke" name="test_backtest_smoke" time="5.806" /><testcase classname="tests.strategies.test_signal_logic" name="test_ema_cross_signal_logic" time="0.016" /><testcase classname="tests.strategies.test_signal_logic" name="test_rsi_reversion_signal_logic" time="0.001" /><testcase classname="tests.strategies.test_signal_logic" name="test_donchian_breakout_signal_logic" time="0.006" /><testcase classname="tests.strategies.test_signal_logic" name="test_ema_trend_hold_signal_logic" time="0.001" /><testcase classname="tests.strategies.test_signal_logic" name="test_bmsb_indicator_logic" time="0.012" /><testcase classname="tests.strategies.test_signal_logic" name="test_emalyarovich_smas_signal_logic" time="0.006" /><testcase classname="tests.strategies.test_signal_logic" name="test_k_davey_mom_keltner_indicator_and_size_logic" time="0.047" /><testcase classname="tests.strategies.test_signal_logic" name="test_basic_keltner_reversion_signal_set" time="0.036" /></testsuite></testsuites>